#
# There is insufficient memory for the Java Runtime Environment to continue.
# Native memory allocation (mmap) failed to map 87031808 bytes. Error detail: G1 virtual space
# Possible reasons:
#   The system is out of physical RAM or swap space
#   This process is running with CompressedOops enabled, and the Java Heap may be blocking the growth of the native heap
# Possible solutions:
#   Reduce memory load on the system
#   Increase physical memory or swap space
#   Check if swap backing store is full
#   Decrease Java heap size (-Xmx/-Xms)
#   Decrease number of Java threads
#   Decrease Java thread stack sizes (-Xss)
#   Set larger code cache with -XX:ReservedCodeCacheSize=
#   JVM is running with Unscaled Compressed Oops mode in which the Java heap is
#     placed in the first 4GB address space. The Java Heap base address is the
#     maximum limit for the native heap growth. Please use -XX:HeapBaseMinAddress
#     to set the Java Heap base and to place the Java Heap above 4GB virtual address.
# This output file may be truncated or incomplete.
#
#  Out of Memory Error (os_windows.cpp:3815), pid=4588, tid=21216
#
# JRE version: OpenJDK Runtime Environment (21.0.3) (build 21.0.3+-12282718-b509.11)
# Java VM: OpenJDK 64-Bit Server VM (21.0.3+-12282718-b509.11, mixed mode, tiered, compressed oops, compressed class ptrs, g1 gc, windows-amd64)
# No core dump will be written. Minidumps are not enabled by default on client versions of Windows
#

---------------  S U M M A R Y ------------

Command Line: org.jetbrains.kotlin.cli.jvm.K2JVMCompiler @D:\android\taskify\app\build\20251204_1716336142174666531.compiler.options

Host: 12th Gen Intel(R) Core(TM) i7-1255U, 12 cores, 7G,  Windows 11 , 64 bit Build 22621 (10.0.22621.4391)
Time: Thu Dec  4 15:27:53 2025 Middle East Standard Time elapsed time: 5.222747 seconds (0d 0h 0m 5s)

---------------  T H R E A D  ---------------

Current thread (0x000001944c5c8840):  VMThread "VM Thread"          [id=21216, stack(0x0000007efa900000,0x0000007efaa00000) (1024K)]

Stack: [0x0000007efa900000,0x0000007efaa00000]
Native frames: (J=compiled Java code, j=interpreted, Vv=VM code, C=native code)
V  [jvm.dll+0x6cafb9]
V  [jvm.dll+0x858523]
V  [jvm.dll+0x85aa7e]
V  [jvm.dll+0x85b163]
V  [jvm.dll+0x27d356]
V  [jvm.dll+0x6c7865]
V  [jvm.dll+0x6bbd3a]
V  [jvm.dll+0x35199b]
V  [jvm.dll+0x3595d6]
V  [jvm.dll+0x3aa826]
V  [jvm.dll+0x3aaaf8]
V  [jvm.dll+0x3240bc]
V  [jvm.dll+0x324147]
V  [jvm.dll+0x36a00c]
V  [jvm.dll+0x36879e]
V  [jvm.dll+0x3237c1]
V  [jvm.dll+0x367eb0]
V  [jvm.dll+0x860ac8]
V  [jvm.dll+0x861bc4]
V  [jvm.dll+0x862100]
V  [jvm.dll+0x862393]
V  [jvm.dll+0x800d78]
V  [jvm.dll+0x6c98cd]
C  [ucrtbase.dll+0x29333]
C  [KERNEL32.DLL+0x1259d]
C  [ntdll.dll+0x5af38]

VM_Operation (0x0000007efa2fa7a0): G1CollectForAllocation, mode: safepoint, requested by thread 0x00000194328af7f0


---------------  P R O C E S S  ---------------

Threads class SMR info:
_java_thread_list=0x0000019451d509d0, length=13, elements={
0x00000194328af7f0, 0x000001944c621540, 0x000001944c62a4d0, 0x000001944c634410,
0x000001944c6412e0, 0x000001944c637300, 0x000001944c637d60, 0x000001944c635010,
0x000001944c636ad0, 0x000001944c7f65a0, 0x000001944c7f8680, 0x0000019451bb0b50,
0x0000019451de0ec0
}

Java Threads: ( => current thread )
  0x00000194328af7f0 JavaThread "main"                              [_thread_blocked, id=1792, stack(0x0000007efa200000,0x0000007efa300000) (1024K)]
  0x000001944c621540 JavaThread "Reference Handler"          daemon [_thread_blocked, id=20088, stack(0x0000007efaa00000,0x0000007efab00000) (1024K)]
  0x000001944c62a4d0 JavaThread "Finalizer"                  daemon [_thread_blocked, id=20464, stack(0x0000007efab00000,0x0000007efac00000) (1024K)]
  0x000001944c634410 JavaThread "Signal Dispatcher"          daemon [_thread_blocked, id=15820, stack(0x0000007efac00000,0x0000007efad00000) (1024K)]
  0x000001944c6412e0 JavaThread "Attach Listener"            daemon [_thread_blocked, id=7328, stack(0x0000007efad00000,0x0000007efae00000) (1024K)]
  0x000001944c637300 JavaThread "Service Thread"             daemon [_thread_blocked, id=13776, stack(0x0000007efae00000,0x0000007efaf00000) (1024K)]
  0x000001944c637d60 JavaThread "Monitor Deflation Thread"   daemon [_thread_blocked, id=19820, stack(0x0000007efaf00000,0x0000007efb000000) (1024K)]
  0x000001944c635010 JavaThread "C2 CompilerThread0"         daemon [_thread_blocked, id=1592, stack(0x0000007efb000000,0x0000007efb100000) (1024K)]
  0x000001944c636ad0 JavaThread "C1 CompilerThread0"         daemon [_thread_blocked, id=13208, stack(0x0000007efb100000,0x0000007efb200000) (1024K)]
  0x000001944c7f65a0 JavaThread "Notification Thread"        daemon [_thread_blocked, id=21436, stack(0x0000007efb200000,0x0000007efb300000) (1024K)]
  0x000001944c7f8680 JavaThread "Common-Cleaner"             daemon [_thread_blocked, id=21416, stack(0x0000007efb300000,0x0000007efb400000) (1024K)]
  0x0000019451bb0b50 JavaThread "C2 CompilerThread1"         daemon [_thread_blocked, id=16040, stack(0x0000007efb400000,0x0000007efb500000) (1024K)]
  0x0000019451de0ec0 JavaThread "C2 CompilerThread2"         daemon [_thread_blocked, id=18516, stack(0x0000007efb500000,0x0000007efb600000) (1024K)]
Total: 13

Other Threads:
=>0x000001944c5c8840 VMThread "VM Thread"                           [id=21216, stack(0x0000007efa900000,0x0000007efaa00000) (1024K)]
  0x000001944c40fd50 WatcherThread "VM Periodic Task Thread"        [id=9072, stack(0x0000007efa800000,0x0000007efa900000) (1024K)]
  0x0000019434b1fe10 WorkerThread "GC Thread#0"                     [id=14524, stack(0x0000007efa300000,0x0000007efa400000) (1024K)]
  0x00000194516039b0 WorkerThread "GC Thread#1"                     [id=16212, stack(0x0000007efb600000,0x0000007efb700000) (1024K)]
  0x0000019451655140 WorkerThread "GC Thread#2"                     [id=16916, stack(0x0000007efb700000,0x0000007efb800000) (1024K)]
  0x00000194516554e0 WorkerThread "GC Thread#3"                     [id=19512, stack(0x0000007efb800000,0x0000007efb900000) (1024K)]
  0x0000019451621df0 WorkerThread "GC Thread#4"                     [id=4788, stack(0x0000007efb900000,0x0000007efba00000) (1024K)]
  0x0000019451622190 WorkerThread "GC Thread#5"                     [id=9088, stack(0x0000007efba00000,0x0000007efbb00000) (1024K)]
  0x0000019451a3f8c0 WorkerThread "GC Thread#6"                     [id=21720, stack(0x0000007efbb00000,0x0000007efbc00000) (1024K)]
  0x0000019451a40000 WorkerThread "GC Thread#7"                     [id=9064, stack(0x0000007efbc00000,0x0000007efbd00000) (1024K)]
  0x0000019451a403a0 WorkerThread "GC Thread#8"                     [id=2492, stack(0x0000007efbd00000,0x0000007efbe00000) (1024K)]
  0x0000019451eb5180 WorkerThread "GC Thread#9"                     [id=7952, stack(0x0000007efc000000,0x0000007efc100000) (1024K)]
  0x0000019434b32880 ConcurrentGCThread "G1 Main Marker"            [id=12844, stack(0x0000007efa400000,0x0000007efa500000) (1024K)]
  0x0000019434b33280 WorkerThread "G1 Conc#0"                       [id=9564, stack(0x0000007efa500000,0x0000007efa600000) (1024K)]
  0x0000019451a40740 WorkerThread "G1 Conc#1"                       [id=19960, stack(0x0000007efbe00000,0x0000007efbf00000) (1024K)]
  0x0000019451a40e80 WorkerThread "G1 Conc#2"                       [id=18996, stack(0x0000007efbf00000,0x0000007efc000000) (1024K)]
  0x0000019434b8e930 ConcurrentGCThread "G1 Refine#0"               [id=14812, stack(0x0000007efa600000,0x0000007efa700000) (1024K)]
  0x000001944c2e48f0 ConcurrentGCThread "G1 Service"                [id=19132, stack(0x0000007efa700000,0x0000007efa800000) (1024K)]
Total: 18

Threads with active compile tasks:
C2 CompilerThread1     5253 7121       4       org.jetbrains.kotlin.utils.SmartList::add (149 bytes)
C2 CompilerThread2     5253 7006       4       org.jetbrains.kotlin.fir.scopes.impl.FirTypeIntersectionScopeContext::convertGroupedCallablesToIntersectionResults (1072 bytes)
Total: 2

VM state: at safepoint (normal execution)

VM Mutex/Monitor currently owned by a thread:  ([mutex/lock_event])
[0x00007ffdadcb20c8] Threads_lock - owner thread: 0x000001944c5c8840
[0x00007ffdadcb21c8] Heap_lock - owner thread: 0x00000194328af7f0

Heap address: 0x0000000085000000, size: 1968 MB, Compressed Oops mode: 32-bit

CDS archive(s) not mapped
Compressed class space mapped at: 0x0000000100000000-0x0000000140000000, reserved size: 1073741824
Narrow klass base: 0x0000000000000000, Narrow klass shift: 3, Narrow klass range: 0x140000000

GC Precious Log:
 CardTable entry size: 512
 Card Set container configuration: InlinePtr #cards 5 size 8 Array Of Cards #cards 12 size 40 Howl #buckets 4 coarsen threshold 1843 Howl Bitmap #cards 512 size 80 coarsen threshold 460 Card regions per heap region 1 cards per card region 2048
 CPUs: 12 total, 12 available
 Memory: 7865M
 Large Page Support: Disabled
 NUMA Support: Disabled
 Compressed Oops: Enabled (32-bit)
 Heap Region Size: 1M
 Heap Min Capacity: 8M
 Heap Initial Capacity: 124M
 Heap Max Capacity: 1968M
 Pre-touch: Disabled
 Parallel Workers: 10
 Concurrent Workers: 3
 Concurrent Refinement Workers: 10
 Periodic GC: Disabled

Heap:
 garbage-first heap   total 126976K, used 74666K [0x0000000085000000, 0x0000000100000000)
  region size 1024K, 4 young (4096K), 4 survivors (4096K)
 Metaspace       used 65622K, committed 65920K, reserved 1114112K
  class space    used 7240K, committed 7360K, reserved 1048576K

Heap Regions: E=young(eden), S=young(survivor), O=old, HS=humongous(starts), HC=humongous(continues), CS=collection set, F=free, TAMS=top-at-mark-start, PB=parsable bottom
|   0|0x0000000085000000, 0x0000000085100000, 0x0000000085100000|100%|HS|  |TAMS 0x0000000085100000| PB 0x0000000085000000| Complete 
|   1|0x0000000085100000, 0x0000000085200000, 0x0000000085200000|100%|HC|  |TAMS 0x0000000085200000| PB 0x0000000085100000| Complete 
|   2|0x0000000085200000, 0x0000000085300000, 0x0000000085300000|100%|HC|  |TAMS 0x0000000085300000| PB 0x0000000085200000| Complete 
|   3|0x0000000085300000, 0x0000000085400000, 0x0000000085400000|100%| O|  |TAMS 0x0000000085400000| PB 0x0000000085300000| Untracked 
|   4|0x0000000085400000, 0x0000000085500000, 0x0000000085500000|100%| O|  |TAMS 0x0000000085500000| PB 0x0000000085400000| Untracked 
|   5|0x0000000085500000, 0x0000000085600000, 0x0000000085600000|100%| O|  |TAMS 0x0000000085600000| PB 0x0000000085500000| Untracked 
|   6|0x0000000085600000, 0x0000000085700000, 0x0000000085700000|100%| O|  |TAMS 0x0000000085700000| PB 0x0000000085600000| Untracked 
|   7|0x0000000085700000, 0x0000000085800000, 0x0000000085800000|100%| O|  |TAMS 0x0000000085800000| PB 0x0000000085700000| Untracked 
|   8|0x0000000085800000, 0x0000000085900000, 0x0000000085900000|100%| O|  |TAMS 0x0000000085900000| PB 0x0000000085800000| Untracked 
|   9|0x0000000085900000, 0x0000000085a00000, 0x0000000085a00000|100%| O|  |TAMS 0x0000000085a00000| PB 0x0000000085900000| Untracked 
|  10|0x0000000085a00000, 0x0000000085b00000, 0x0000000085b00000|100%| O|  |TAMS 0x0000000085b00000| PB 0x0000000085a00000| Untracked 
|  11|0x0000000085b00000, 0x0000000085c00000, 0x0000000085c00000|100%| O|  |TAMS 0x0000000085c00000| PB 0x0000000085b00000| Untracked 
|  12|0x0000000085c00000, 0x0000000085d00000, 0x0000000085d00000|100%| O|  |TAMS 0x0000000085d00000| PB 0x0000000085c00000| Untracked 
|  13|0x0000000085d00000, 0x0000000085e00000, 0x0000000085e00000|100%| O|  |TAMS 0x0000000085e00000| PB 0x0000000085d00000| Untracked 
|  14|0x0000000085e00000, 0x0000000085f00000, 0x0000000085f00000|100%| O|  |TAMS 0x0000000085f00000| PB 0x0000000085e00000| Untracked 
|  15|0x0000000085f00000, 0x0000000086000000, 0x0000000086000000|100%| O|  |TAMS 0x0000000086000000| PB 0x0000000085f00000| Untracked 
|  16|0x0000000086000000, 0x0000000086100000, 0x0000000086100000|100%| O|  |TAMS 0x0000000086100000| PB 0x0000000086000000| Untracked 
|  17|0x0000000086100000, 0x0000000086200000, 0x0000000086200000|100%| O|  |TAMS 0x0000000086200000| PB 0x0000000086100000| Untracked 
|  18|0x0000000086200000, 0x0000000086300000, 0x0000000086300000|100%| O|  |TAMS 0x0000000086300000| PB 0x0000000086200000| Untracked 
|  19|0x0000000086300000, 0x0000000086400000, 0x0000000086400000|100%| O|  |TAMS 0x0000000086400000| PB 0x0000000086300000| Untracked 
|  20|0x0000000086400000, 0x0000000086500000, 0x0000000086500000|100%| O|  |TAMS 0x0000000086500000| PB 0x0000000086400000| Untracked 
|  21|0x0000000086500000, 0x0000000086600000, 0x0000000086600000|100%| O|  |TAMS 0x0000000086600000| PB 0x0000000086500000| Untracked 
|  22|0x0000000086600000, 0x0000000086700000, 0x0000000086700000|100%| O|  |TAMS 0x0000000086700000| PB 0x0000000086600000| Untracked 
|  23|0x0000000086700000, 0x0000000086800000, 0x0000000086800000|100%| O|  |TAMS 0x0000000086800000| PB 0x0000000086700000| Untracked 
|  24|0x0000000086800000, 0x0000000086900000, 0x0000000086900000|100%| O|  |TAMS 0x0000000086900000| PB 0x0000000086800000| Untracked 
|  25|0x0000000086900000, 0x0000000086a00000, 0x0000000086a00000|100%| O|  |TAMS 0x0000000086a00000| PB 0x0000000086900000| Untracked 
|  26|0x0000000086a00000, 0x0000000086b00000, 0x0000000086b00000|100%|HS|  |TAMS 0x0000000086b00000| PB 0x0000000086a00000| Complete 
|  27|0x0000000086b00000, 0x0000000086c00000, 0x0000000086c00000|100%| O|  |TAMS 0x0000000086c00000| PB 0x0000000086b00000| Untracked 
|  28|0x0000000086c00000, 0x0000000086d00000, 0x0000000086d00000|100%| O|  |TAMS 0x0000000086d00000| PB 0x0000000086c00000| Untracked 
|  29|0x0000000086d00000, 0x0000000086e00000, 0x0000000086e00000|100%| O|  |TAMS 0x0000000086e00000| PB 0x0000000086d00000| Untracked 
|  30|0x0000000086e00000, 0x0000000086f00000, 0x0000000086f00000|100%| O|  |TAMS 0x0000000086f00000| PB 0x0000000086e00000| Untracked 
|  31|0x0000000086f00000, 0x0000000087000000, 0x0000000087000000|100%| O|  |TAMS 0x0000000087000000| PB 0x0000000086f00000| Untracked 
|  32|0x0000000087000000, 0x0000000087100000, 0x0000000087100000|100%| O|  |TAMS 0x0000000087100000| PB 0x0000000087000000| Untracked 
|  33|0x0000000087100000, 0x0000000087200000, 0x0000000087200000|100%| O|  |TAMS 0x0000000087200000| PB 0x0000000087100000| Untracked 
|  34|0x0000000087200000, 0x0000000087300000, 0x0000000087300000|100%| O|  |TAMS 0x0000000087300000| PB 0x0000000087200000| Untracked 
|  35|0x0000000087300000, 0x0000000087400000, 0x0000000087400000|100%| O|  |TAMS 0x0000000087400000| PB 0x0000000087300000| Untracked 
|  36|0x0000000087400000, 0x0000000087500000, 0x0000000087500000|100%| O|  |TAMS 0x0000000087500000| PB 0x0000000087400000| Untracked 
|  37|0x0000000087500000, 0x0000000087600000, 0x0000000087600000|100%| O|  |TAMS 0x0000000087600000| PB 0x0000000087500000| Untracked 
|  38|0x0000000087600000, 0x0000000087700000, 0x0000000087700000|100%| O|  |TAMS 0x0000000087700000| PB 0x0000000087600000| Untracked 
|  39|0x0000000087700000, 0x0000000087800000, 0x0000000087800000|100%| O|  |TAMS 0x0000000087800000| PB 0x0000000087700000| Untracked 
|  40|0x0000000087800000, 0x0000000087900000, 0x0000000087900000|100%| O|  |TAMS 0x0000000087900000| PB 0x0000000087800000| Untracked 
|  41|0x0000000087900000, 0x0000000087a00000, 0x0000000087a00000|100%| O|  |TAMS 0x0000000087a00000| PB 0x0000000087900000| Untracked 
|  42|0x0000000087a00000, 0x0000000087b00000, 0x0000000087b00000|100%| O|  |TAMS 0x0000000087b00000| PB 0x0000000087a00000| Untracked 
|  43|0x0000000087b00000, 0x0000000087c00000, 0x0000000087c00000|100%| O|  |TAMS 0x0000000087c00000| PB 0x0000000087b00000| Untracked 
|  44|0x0000000087c00000, 0x0000000087d00000, 0x0000000087d00000|100%| O|  |TAMS 0x0000000087d00000| PB 0x0000000087c00000| Untracked 
|  45|0x0000000087d00000, 0x0000000087e00000, 0x0000000087e00000|100%| O|  |TAMS 0x0000000087e00000| PB 0x0000000087d00000| Untracked 
|  46|0x0000000087e00000, 0x0000000087f00000, 0x0000000087f00000|100%| O|  |TAMS 0x0000000087f00000| PB 0x0000000087e00000| Untracked 
|  47|0x0000000087f00000, 0x0000000088000000, 0x0000000088000000|100%| O|  |TAMS 0x0000000087f00000| PB 0x0000000087f00000| Untracked 
|  48|0x0000000088000000, 0x0000000088100000, 0x0000000088100000|100%| O|  |TAMS 0x0000000088100000| PB 0x0000000088000000| Untracked 
|  49|0x0000000088100000, 0x0000000088200000, 0x0000000088200000|100%| O|  |TAMS 0x0000000088200000| PB 0x0000000088100000| Untracked 
|  50|0x0000000088200000, 0x0000000088300000, 0x0000000088300000|100%| O|  |TAMS 0x0000000088300000| PB 0x0000000088200000| Untracked 
|  51|0x0000000088300000, 0x0000000088400000, 0x0000000088400000|100%| O|  |TAMS 0x0000000088400000| PB 0x0000000088300000| Untracked 
|  52|0x0000000088400000, 0x0000000088500000, 0x0000000088500000|100%| O|  |TAMS 0x0000000088500000| PB 0x0000000088400000| Untracked 
|  53|0x0000000088500000, 0x0000000088600000, 0x0000000088600000|100%| O|  |TAMS 0x0000000088600000| PB 0x0000000088500000| Untracked 
|  54|0x0000000088600000, 0x0000000088700000, 0x0000000088700000|100%| O|  |TAMS 0x0000000088700000| PB 0x0000000088600000| Untracked 
|  55|0x0000000088700000, 0x0000000088800000, 0x0000000088800000|100%| O|  |TAMS 0x0000000088800000| PB 0x0000000088700000| Untracked 
|  56|0x0000000088800000, 0x0000000088900000, 0x0000000088900000|100%| O|  |TAMS 0x0000000088900000| PB 0x0000000088800000| Untracked 
|  57|0x0000000088900000, 0x0000000088a00000, 0x0000000088a00000|100%| O|  |TAMS 0x0000000088a00000| PB 0x0000000088900000| Untracked 
|  58|0x0000000088a00000, 0x0000000088b00000, 0x0000000088b00000|100%| O|  |TAMS 0x0000000088b00000| PB 0x0000000088a00000| Untracked 
|  59|0x0000000088b00000, 0x0000000088c00000, 0x0000000088c00000|100%| O|  |TAMS 0x0000000088c00000| PB 0x0000000088b00000| Untracked 
|  60|0x0000000088c00000, 0x0000000088d00000, 0x0000000088d00000|100%| O|  |TAMS 0x0000000088d00000| PB 0x0000000088c00000| Untracked 
|  61|0x0000000088d00000, 0x0000000088e00000, 0x0000000088e00000|100%| O|  |TAMS 0x0000000088e00000| PB 0x0000000088d00000| Untracked 
|  62|0x0000000088e00000, 0x0000000088f00000, 0x0000000088f00000|100%| O|  |TAMS 0x0000000088f00000| PB 0x0000000088e00000| Untracked 
|  63|0x0000000088f00000, 0x0000000089000000, 0x0000000089000000|100%| O|  |TAMS 0x0000000089000000| PB 0x0000000088f00000| Untracked 
|  64|0x0000000089000000, 0x0000000089100000, 0x0000000089100000|100%| O|  |TAMS 0x0000000089080000| PB 0x0000000089000000| Untracked 
|  65|0x0000000089100000, 0x0000000089200000, 0x0000000089200000|100%| O|  |TAMS 0x0000000089100000| PB 0x0000000089100000| Untracked 
|  66|0x0000000089200000, 0x0000000089300000, 0x0000000089300000|100%| O|  |TAMS 0x0000000089200000| PB 0x0000000089200000| Untracked 
|  67|0x0000000089300000, 0x0000000089400000, 0x0000000089400000|100%| O|  |TAMS 0x0000000089300000| PB 0x0000000089300000| Untracked 
|  68|0x0000000089400000, 0x00000000894eaa38, 0x0000000089500000| 91%| O|  |TAMS 0x0000000089400000| PB 0x0000000089400000| Untracked 
|  69|0x0000000089500000, 0x0000000089500000, 0x0000000089600000|  0%| F|  |TAMS 0x0000000089500000| PB 0x0000000089500000| Untracked 
|  70|0x0000000089600000, 0x0000000089600000, 0x0000000089700000|  0%| F|  |TAMS 0x0000000089600000| PB 0x0000000089600000| Untracked 
|  71|0x0000000089700000, 0x0000000089700000, 0x0000000089800000|  0%| F|  |TAMS 0x0000000089700000| PB 0x0000000089700000| Untracked 
|  72|0x0000000089800000, 0x0000000089800000, 0x0000000089900000|  0%| F|  |TAMS 0x0000000089800000| PB 0x0000000089800000| Untracked 
|  73|0x0000000089900000, 0x0000000089900000, 0x0000000089a00000|  0%| F|  |TAMS 0x0000000089900000| PB 0x0000000089900000| Untracked 
|  74|0x0000000089a00000, 0x0000000089a00000, 0x0000000089b00000|  0%| F|  |TAMS 0x0000000089a00000| PB 0x0000000089a00000| Untracked 
|  75|0x0000000089b00000, 0x0000000089b00000, 0x0000000089c00000|  0%| F|  |TAMS 0x0000000089b00000| PB 0x0000000089b00000| Untracked 
|  76|0x0000000089c00000, 0x0000000089c00000, 0x0000000089d00000|  0%| F|  |TAMS 0x0000000089c00000| PB 0x0000000089c00000| Untracked 
|  77|0x0000000089d00000, 0x0000000089d00000, 0x0000000089e00000|  0%| F|  |TAMS 0x0000000089d00000| PB 0x0000000089d00000| Untracked 
|  78|0x0000000089e00000, 0x0000000089e00000, 0x0000000089f00000|  0%| F|  |TAMS 0x0000000089e00000| PB 0x0000000089e00000| Untracked 
|  79|0x0000000089f00000, 0x000000008a000000, 0x000000008a000000|100%| S|CS|TAMS 0x0000000089f00000| PB 0x0000000089f00000| Complete 
|  80|0x000000008a000000, 0x000000008a100000, 0x000000008a100000|100%| S|CS|TAMS 0x000000008a000000| PB 0x000000008a000000| Complete 
|  81|0x000000008a100000, 0x000000008a200000, 0x000000008a200000|100%| S|CS|TAMS 0x000000008a100000| PB 0x000000008a100000| Complete 
|  82|0x000000008a200000, 0x000000008a200000, 0x000000008a300000|  0%| F|  |TAMS 0x000000008a200000| PB 0x000000008a200000| Untracked 
|  83|0x000000008a300000, 0x000000008a400000, 0x000000008a400000|100%| S|CS|TAMS 0x000000008a300000| PB 0x000000008a300000| Complete 
|  84|0x000000008a400000, 0x000000008a400000, 0x000000008a500000|  0%| F|  |TAMS 0x000000008a400000| PB 0x000000008a400000| Untracked 
|  85|0x000000008a500000, 0x000000008a500000, 0x000000008a600000|  0%| F|  |TAMS 0x000000008a500000| PB 0x000000008a500000| Untracked 
|  86|0x000000008a600000, 0x000000008a600000, 0x000000008a700000|  0%| F|  |TAMS 0x000000008a600000| PB 0x000000008a600000| Untracked 
|  87|0x000000008a700000, 0x000000008a700000, 0x000000008a800000|  0%| F|  |TAMS 0x000000008a700000| PB 0x000000008a700000| Untracked 
|  88|0x000000008a800000, 0x000000008a800000, 0x000000008a900000|  0%| F|  |TAMS 0x000000008a800000| PB 0x000000008a800000| Untracked 
|  89|0x000000008a900000, 0x000000008a900000, 0x000000008aa00000|  0%| F|  |TAMS 0x000000008a900000| PB 0x000000008a900000| Untracked 
|  90|0x000000008aa00000, 0x000000008aa00000, 0x000000008ab00000|  0%| F|  |TAMS 0x000000008aa00000| PB 0x000000008aa00000| Untracked 
|  91|0x000000008ab00000, 0x000000008ab00000, 0x000000008ac00000|  0%| F|  |TAMS 0x000000008ab00000| PB 0x000000008ab00000| Untracked 
|  92|0x000000008ac00000, 0x000000008ac00000, 0x000000008ad00000|  0%| F|  |TAMS 0x000000008ac00000| PB 0x000000008ac00000| Untracked 
|  93|0x000000008ad00000, 0x000000008ad00000, 0x000000008ae00000|  0%| F|  |TAMS 0x000000008ad00000| PB 0x000000008ad00000| Untracked 
|  94|0x000000008ae00000, 0x000000008ae00000, 0x000000008af00000|  0%| F|  |TAMS 0x000000008ae00000| PB 0x000000008ae00000| Untracked 
|  95|0x000000008af00000, 0x000000008af00000, 0x000000008b000000|  0%| F|  |TAMS 0x000000008af00000| PB 0x000000008af00000| Untracked 
|  96|0x000000008b000000, 0x000000008b000000, 0x000000008b100000|  0%| F|  |TAMS 0x000000008b000000| PB 0x000000008b000000| Untracked 
|  97|0x000000008b100000, 0x000000008b100000, 0x000000008b200000|  0%| F|  |TAMS 0x000000008b100000| PB 0x000000008b100000| Untracked 
|  98|0x000000008b200000, 0x000000008b200000, 0x000000008b300000|  0%| F|  |TAMS 0x000000008b200000| PB 0x000000008b200000| Untracked 
|  99|0x000000008b300000, 0x000000008b300000, 0x000000008b400000|  0%| F|  |TAMS 0x000000008b300000| PB 0x000000008b300000| Untracked 
| 100|0x000000008b400000, 0x000000008b400000, 0x000000008b500000|  0%| F|  |TAMS 0x000000008b400000| PB 0x000000008b400000| Untracked 
| 101|0x000000008b500000, 0x000000008b500000, 0x000000008b600000|  0%| F|  |TAMS 0x000000008b500000| PB 0x000000008b500000| Untracked 
| 102|0x000000008b600000, 0x000000008b600000, 0x000000008b700000|  0%| F|  |TAMS 0x000000008b600000| PB 0x000000008b600000| Untracked 
| 103|0x000000008b700000, 0x000000008b700000, 0x000000008b800000|  0%| F|  |TAMS 0x000000008b700000| PB 0x000000008b700000| Untracked 
| 104|0x000000008b800000, 0x000000008b800000, 0x000000008b900000|  0%| F|  |TAMS 0x000000008b800000| PB 0x000000008b800000| Untracked 
| 105|0x000000008b900000, 0x000000008b900000, 0x000000008ba00000|  0%| F|  |TAMS 0x000000008b900000| PB 0x000000008b900000| Untracked 
| 106|0x000000008ba00000, 0x000000008ba00000, 0x000000008bb00000|  0%| F|  |TAMS 0x000000008ba00000| PB 0x000000008ba00000| Untracked 
| 107|0x000000008bb00000, 0x000000008bb00000, 0x000000008bc00000|  0%| F|  |TAMS 0x000000008bb00000| PB 0x000000008bb00000| Untracked 
| 108|0x000000008bc00000, 0x000000008bc00000, 0x000000008bd00000|  0%| F|  |TAMS 0x000000008bc00000| PB 0x000000008bc00000| Untracked 
| 109|0x000000008bd00000, 0x000000008bd00000, 0x000000008be00000|  0%| F|  |TAMS 0x000000008bd00000| PB 0x000000008bd00000| Untracked 
| 110|0x000000008be00000, 0x000000008be00000, 0x000000008bf00000|  0%| F|  |TAMS 0x000000008be00000| PB 0x000000008be00000| Untracked 
| 111|0x000000008bf00000, 0x000000008bf00000, 0x000000008c000000|  0%| F|  |TAMS 0x000000008bf00000| PB 0x000000008bf00000| Untracked 
| 112|0x000000008c000000, 0x000000008c000000, 0x000000008c100000|  0%| F|  |TAMS 0x000000008c000000| PB 0x000000008c000000| Untracked 
| 113|0x000000008c100000, 0x000000008c100000, 0x000000008c200000|  0%| F|  |TAMS 0x000000008c100000| PB 0x000000008c100000| Untracked 
| 114|0x000000008c200000, 0x000000008c200000, 0x000000008c300000|  0%| F|  |TAMS 0x000000008c200000| PB 0x000000008c200000| Untracked 
| 115|0x000000008c300000, 0x000000008c300000, 0x000000008c400000|  0%| F|  |TAMS 0x000000008c300000| PB 0x000000008c300000| Untracked 
| 116|0x000000008c400000, 0x000000008c400000, 0x000000008c500000|  0%| F|  |TAMS 0x000000008c400000| PB 0x000000008c400000| Untracked 
| 117|0x000000008c500000, 0x000000008c500000, 0x000000008c600000|  0%| F|  |TAMS 0x000000008c500000| PB 0x000000008c500000| Untracked 
| 118|0x000000008c600000, 0x000000008c600000, 0x000000008c700000|  0%| F|  |TAMS 0x000000008c600000| PB 0x000000008c600000| Untracked 
| 119|0x000000008c700000, 0x000000008c700000, 0x000000008c800000|  0%| F|  |TAMS 0x000000008c700000| PB 0x000000008c700000| Untracked 
| 120|0x000000008c800000, 0x000000008c800000, 0x000000008c900000|  0%| F|  |TAMS 0x000000008c800000| PB 0x000000008c800000| Untracked 
| 121|0x000000008c900000, 0x000000008c900000, 0x000000008ca00000|  0%| F|  |TAMS 0x000000008c900000| PB 0x000000008c900000| Untracked 
| 122|0x000000008ca00000, 0x000000008ca00000, 0x000000008cb00000|  0%| F|  |TAMS 0x000000008ca00000| PB 0x000000008ca00000| Untracked 
| 123|0x000000008cb00000, 0x000000008cb00000, 0x000000008cc00000|  0%| F|  |TAMS 0x000000008cb00000| PB 0x000000008cb00000| Untracked 

Card table byte_map: [0x0000019447550000,0x0000019447930000] _byte_map_base: 0x0000019447128000

Marking Bits: (CMBitMap*) 0x0000019434b20410
 Bits: [0x0000019447930000, 0x00000194497f0000)

Polling page: 0x0000019432a90000

Metaspace:

Usage:
  Non-class:     57.01 MB used.
      Class:      7.07 MB used.
       Both:     64.08 MB used.

Virtual space:
  Non-class space:       64.00 MB reserved,      57.19 MB ( 89%) committed,  1 nodes.
      Class space:        1.00 GB reserved,       7.19 MB ( <1%) committed,  1 nodes.
             Both:        1.06 GB reserved,      64.38 MB (  6%) committed. 

Chunk freelists:
   Non-Class:  6.75 MB
       Class:  8.76 MB
        Both:  15.51 MB

MaxMetaspaceSize: unlimited
CompressedClassSpaceSize: 1.00 GB
Initial GC threshold: 21.00 MB
Current GC threshold: 90.25 MB
CDS: off
 - commit_granule_bytes: 65536.
 - commit_granule_words: 8192.
 - virtual_space_node_default_size: 8388608.
 - enlarge_chunks_in_place: 1.
 - use_allocation_guard: 0.


Internal statistics:

num_allocs_failed_limit: 6.
num_arena_births: 346.
num_arena_deaths: 0.
num_vsnodes_births: 2.
num_vsnodes_deaths: 0.
num_space_committed: 1029.
num_space_uncommitted: 0.
num_chunks_returned_to_freelist: 6.
num_chunks_taken_from_freelist: 2357.
num_chunk_merges: 6.
num_chunk_splits: 1944.
num_chunks_enlarged: 1729.
num_inconsistent_stats: 0.

CodeHeap 'non-profiled nmethods': size=120000Kb used=4122Kb max_used=4122Kb free=115878Kb
 bounds [0x000001943f6e0000, 0x000001943faf0000, 0x0000019446c10000]
CodeHeap 'profiled nmethods': size=120000Kb used=20118Kb max_used=20118Kb free=99882Kb
 bounds [0x0000019437c10000, 0x0000019438fc0000, 0x000001943f140000]
CodeHeap 'non-nmethods': size=5760Kb used=1793Kb max_used=1793Kb free=3966Kb
 bounds [0x000001943f140000, 0x000001943f3b0000, 0x000001943f6e0000]
 total_blobs=7335 nmethods=6559 adapters=674
 compilation: enabled
              stopped_count=0, restarted_count=0
 full_count=0

Compilation events (20 events):
Event: 5.204 Thread 0x000001944c636ad0 nmethod 7112 0x0000019438fa9010 code [0x0000019438fa9340, 0x0000019438faa558]
Event: 5.204 Thread 0x000001944c636ad0 7119       3       androidx.compose.compiler.plugins.kotlin.lower.ComposableTargetAnnotationsTransformerKt::samOwnerOrNull (171 bytes)
Event: 5.205 Thread 0x0000019451bb0b50 7121       4       org.jetbrains.kotlin.utils.SmartList::add (149 bytes)
Event: 5.205 Thread 0x000001944c636ad0 nmethod 7119 0x0000019438faaa90 code [0x0000019438faafa0, 0x0000019438fad660]
Event: 5.205 Thread 0x000001944c636ad0 7115       3       androidx.compose.compiler.plugins.kotlin.lower.ComposableTargetAnnotationsTransformer::isComposableLambda (175 bytes)
Event: 5.205 Thread 0x000001944c636ad0 nmethod 7115 0x0000019438fae210 code [0x0000019438fae500, 0x0000019438faf680]
Event: 5.205 Thread 0x000001944c636ad0 7111       3       androidx.compose.compiler.plugins.kotlin.lower.ComposableTargetAnnotationsTransformer::visitFunction (172 bytes)
Event: 5.207 Thread 0x000001944c636ad0 nmethod 7111 0x0000019438fafa90 code [0x0000019438faffe0, 0x0000019438fb2708]
Event: 5.207 Thread 0x000001944c636ad0 7114       3       androidx.compose.compiler.plugins.kotlin.lower.ComposableTargetAnnotationsTransformer::isComposable (22 bytes)
Event: 5.207 Thread 0x000001944c636ad0 nmethod 7114 0x0000019438fb3390 code [0x0000019438fb3580, 0x0000019438fb3930]
Event: 5.207 Thread 0x000001944c636ad0 7117       3       androidx.compose.compiler.plugins.kotlin.lower.ComposableTargetAnnotationsTransformer::isSamComposable (31 bytes)
Event: 5.207 Thread 0x000001944c636ad0 nmethod 7117 0x0000019438fb3a90 code [0x0000019438fb3c60, 0x0000019438fb3ed8]
Event: 5.207 Thread 0x000001944c636ad0 7118       3       androidx.compose.compiler.plugins.kotlin.lower.ComposableTargetAnnotationsTransformerKt::access$samOwnerOrNull (5 bytes)
Event: 5.207 Thread 0x000001944c636ad0 nmethod 7118 0x0000019438fb4010 code [0x0000019438fb41c0, 0x0000019438fb42d8]
Event: 5.207 Thread 0x000001944c636ad0 7116       3       androidx.compose.compiler.plugins.kotlin.ComposeFqNames::getComposableLambdaType (4 bytes)
Event: 5.207 Thread 0x000001944c636ad0 nmethod 7116 0x0000019438fb4390 code [0x0000019438fb4520, 0x0000019438fb4638]
Event: 5.207 Thread 0x000001944c636ad0 7122   !   3       java.nio.DirectLongBufferU::put (39 bytes)
Event: 5.208 Thread 0x000001944c636ad0 nmethod 7122 0x0000019438fb4710 code [0x0000019438fb4980, 0x0000019438fb52e8]
Event: 5.208 Thread 0x000001944c636ad0 7120       1       org.jetbrains.kotlin.fir.expressions.builder.FirResolvedQualifierBuilder::getAnnotations (5 bytes)
Event: 5.208 Thread 0x000001944c636ad0 nmethod 7120 0x000001943fae6510 code [0x000001943fae66a0, 0x000001943fae6768]

GC Heap History (20 events):
Event: 2.530 GC heap after
{Heap after GC invocations=11 (full 0):
 garbage-first heap   total 47104K, used 25493K [0x0000000085000000, 0x0000000100000000)
  region size 1024K, 3 young (3072K), 3 survivors (3072K)
 Metaspace       used 45956K, committed 46208K, reserved 1114112K
  class space    used 5393K, committed 5504K, reserved 1048576K
}
Event: 2.672 GC heap before
{Heap before GC invocations=11 (full 0):
 garbage-first heap   total 47104K, used 39829K [0x0000000085000000, 0x0000000100000000)
  region size 1024K, 17 young (17408K), 3 survivors (3072K)
 Metaspace       used 48430K, committed 48704K, reserved 1114112K
  class space    used 5654K, committed 5760K, reserved 1048576K
}
Event: 2.677 GC heap after
{Heap after GC invocations=12 (full 0):
 garbage-first heap   total 58368K, used 27775K [0x0000000085000000, 0x0000000100000000)
  region size 1024K, 3 young (3072K), 3 survivors (3072K)
 Metaspace       used 48430K, committed 48704K, reserved 1114112K
  class space    used 5654K, committed 5760K, reserved 1048576K
}
Event: 2.868 GC heap before
{Heap before GC invocations=13 (full 0):
 garbage-first heap   total 58368K, used 47231K [0x0000000085000000, 0x0000000100000000)
  region size 1024K, 23 young (23552K), 3 survivors (3072K)
 Metaspace       used 48920K, committed 49216K, reserved 1114112K
  class space    used 5696K, committed 5824K, reserved 1048576K
}
Event: 2.873 GC heap after
{Heap after GC invocations=14 (full 0):
 garbage-first heap   total 58368K, used 33792K [0x0000000085000000, 0x0000000100000000)
  region size 1024K, 3 young (3072K), 3 survivors (3072K)
 Metaspace       used 48920K, committed 49216K, reserved 1114112K
  class space    used 5696K, committed 5824K, reserved 1048576K
}
Event: 2.933 GC heap before
{Heap before GC invocations=14 (full 0):
 garbage-first heap   total 58368K, used 50176K [0x0000000085000000, 0x0000000100000000)
  region size 1024K, 18 young (18432K), 3 survivors (3072K)
 Metaspace       used 49348K, committed 49664K, reserved 1114112K
  class space    used 5757K, committed 5888K, reserved 1048576K
}
Event: 2.940 GC heap after
{Heap after GC invocations=15 (full 0):
 garbage-first heap   total 58368K, used 38825K [0x0000000085000000, 0x0000000100000000)
  region size 1024K, 3 young (3072K), 3 survivors (3072K)
 Metaspace       used 49348K, committed 49664K, reserved 1114112K
  class space    used 5757K, committed 5888K, reserved 1048576K
}
Event: 2.965 GC heap before
{Heap before GC invocations=15 (full 0):
 garbage-first heap   total 58368K, used 50089K [0x0000000085000000, 0x0000000100000000)
  region size 1024K, 14 young (14336K), 3 survivors (3072K)
 Metaspace       used 49369K, committed 49664K, reserved 1114112K
  class space    used 5757K, committed 5888K, reserved 1048576K
}
Event: 2.970 GC heap after
{Heap after GC invocations=16 (full 0):
 garbage-first heap   total 58368K, used 43008K [0x0000000085000000, 0x0000000100000000)
  region size 1024K, 2 young (2048K), 2 survivors (2048K)
 Metaspace       used 49369K, committed 49664K, reserved 1114112K
  class space    used 5757K, committed 5888K, reserved 1048576K
}
Event: 3.015 GC heap before
{Heap before GC invocations=17 (full 0):
 garbage-first heap   total 76800K, used 51200K [0x0000000085000000, 0x0000000100000000)
  region size 1024K, 10 young (10240K), 2 survivors (2048K)
 Metaspace       used 49414K, committed 49728K, reserved 1114112K
  class space    used 5760K, committed 5888K, reserved 1048576K
}
Event: 3.021 GC heap after
{Heap after GC invocations=18 (full 0):
 garbage-first heap   total 114688K, used 46080K [0x0000000085000000, 0x0000000100000000)
  region size 1024K, 2 young (2048K), 2 survivors (2048K)
 Metaspace       used 49414K, committed 49728K, reserved 1114112K
  class space    used 5760K, committed 5888K, reserved 1048576K
}
Event: 3.684 GC heap before
{Heap before GC invocations=18 (full 0):
 garbage-first heap   total 114688K, used 82943K [0x0000000085000000, 0x0000000100000000)
  region size 1024K, 39 young (39936K), 2 survivors (2048K)
 Metaspace       used 53351K, committed 53632K, reserved 1114112K
  class space    used 6163K, committed 6272K, reserved 1048576K
}
Event: 3.693 GC heap after
{Heap after GC invocations=19 (full 0):
 garbage-first heap   total 114688K, used 53248K [0x0000000085000000, 0x0000000100000000)
  region size 1024K, 5 young (5120K), 5 survivors (5120K)
 Metaspace       used 53351K, committed 53632K, reserved 1114112K
  class space    used 6163K, committed 6272K, reserved 1048576K
}
Event: 4.017 GC heap before
{Heap before GC invocations=19 (full 0):
 garbage-first heap   total 114688K, used 88064K [0x0000000085000000, 0x0000000100000000)
  region size 1024K, 39 young (39936K), 5 survivors (5120K)
 Metaspace       used 55088K, committed 55360K, reserved 1114112K
  class space    used 6284K, committed 6400K, reserved 1048576K
}
Event: 4.031 GC heap after
{Heap after GC invocations=20 (full 0):
 garbage-first heap   total 114688K, used 61440K [0x0000000085000000, 0x0000000100000000)
  region size 1024K, 5 young (5120K), 5 survivors (5120K)
 Metaspace       used 55088K, committed 55360K, reserved 1114112K
  class space    used 6284K, committed 6400K, reserved 1048576K
}
Event: 4.399 GC heap before
{Heap before GC invocations=21 (full 0):
 garbage-first heap   total 114688K, used 92160K [0x0000000085000000, 0x0000000100000000)
  region size 1024K, 35 young (35840K), 5 survivors (5120K)
 Metaspace       used 60588K, committed 60864K, reserved 1114112K
  class space    used 6777K, committed 6912K, reserved 1048576K
}
Event: 4.412 GC heap after
{Heap after GC invocations=22 (full 0):
 garbage-first heap   total 114688K, used 66048K [0x0000000085000000, 0x0000000100000000)
  region size 1024K, 4 young (4096K), 4 survivors (4096K)
 Metaspace       used 60588K, committed 60864K, reserved 1114112K
  class space    used 6777K, committed 6912K, reserved 1048576K
}
Event: 4.831 GC heap before
{Heap before GC invocations=22 (full 0):
 garbage-first heap   total 114688K, used 95744K [0x0000000085000000, 0x0000000100000000)
  region size 1024K, 33 young (33792K), 4 survivors (4096K)
 Metaspace       used 63578K, committed 63936K, reserved 1114112K
  class space    used 7021K, committed 7168K, reserved 1048576K
}
Event: 4.842 GC heap after
{Heap after GC invocations=23 (full 0):
 garbage-first heap   total 114688K, used 69120K [0x0000000085000000, 0x0000000100000000)
  region size 1024K, 4 young (4096K), 4 survivors (4096K)
 Metaspace       used 63578K, committed 63936K, reserved 1114112K
  class space    used 7021K, committed 7168K, reserved 1048576K
}
Event: 5.209 GC heap before
{Heap before GC invocations=23 (full 0):
 garbage-first heap   total 114688K, used 97792K [0x0000000085000000, 0x0000000100000000)
  region size 1024K, 32 young (32768K), 4 survivors (4096K)
 Metaspace       used 65622K, committed 65920K, reserved 1114112K
  class space    used 7240K, committed 7360K, reserved 1048576K
}

Dll operation events (3 events):
Event: 0.012 Loaded shared library D:\android\Android\app\jbr\bin\java.dll
Event: 0.020 Loaded shared library D:\android\Android\app\jbr\bin\zip.dll
Event: 0.977 Loaded shared library D:\android\Android\app\jbr\bin\verify.dll

Deoptimization events (20 events):
Event: 5.135 Thread 0x00000194328af7f0 Uncommon trap: trap_request=0xffffff45 fr.pc=0x000001943f9c3bdc relative=0x00000000000000bc
Event: 5.135 Thread 0x00000194328af7f0 Uncommon trap: reason=unstable_if action=reinterpret pc=0x000001943f9c3bdc method=org.jetbrains.kotlin.fir.ClassMembersKt.isSubstitutionOrIntersectionOverride(Lorg/jetbrains/kotlin/fir/declarations/FirCallableDeclaration;)Z @ 17 c2
Event: 5.135 Thread 0x00000194328af7f0 DEOPT PACKING pc=0x000001943f9c3bdc sp=0x0000007efa2fcd00
Event: 5.135 Thread 0x00000194328af7f0 DEOPT UNPACKING pc=0x000001943f1946a2 sp=0x0000007efa2fcca0 mode 2
Event: 5.154 Thread 0x00000194328af7f0 Uncommon trap: trap_request=0xffffffde fr.pc=0x000001943fad16fc relative=0x000000000000125c
Event: 5.157 Thread 0x00000194328af7f0 Uncommon trap: reason=class_check action=maybe_recompile pc=0x000001943fad16fc method=org.jetbrains.kotlin.fir.scopes.impl.AbstractFirUseSiteMemberScope.processFunctionsByName(Lorg/jetbrains/kotlin/name/Name;Lkotlin/jvm/functions/Function1;)V @ 115 c2
Event: 5.157 Thread 0x00000194328af7f0 DEOPT PACKING pc=0x000001943fad16fc sp=0x0000007efa2fd290
Event: 5.157 Thread 0x00000194328af7f0 DEOPT UNPACKING pc=0x000001943f1946a2 sp=0x0000007efa2fd248 mode 2
Event: 5.164 Thread 0x00000194328af7f0 Uncommon trap: trap_request=0xffffffde fr.pc=0x000001943fad16fc relative=0x000000000000125c
Event: 5.164 Thread 0x00000194328af7f0 Uncommon trap: reason=class_check action=maybe_recompile pc=0x000001943fad16fc method=org.jetbrains.kotlin.fir.scopes.impl.AbstractFirUseSiteMemberScope.processFunctionsByName(Lorg/jetbrains/kotlin/name/Name;Lkotlin/jvm/functions/Function1;)V @ 115 c2
Event: 5.164 Thread 0x00000194328af7f0 DEOPT PACKING pc=0x000001943fad16fc sp=0x0000007efa2fc690
Event: 5.164 Thread 0x00000194328af7f0 DEOPT UNPACKING pc=0x000001943f1946a2 sp=0x0000007efa2fc660 mode 2
Event: 5.166 Thread 0x00000194328af7f0 Uncommon trap: trap_request=0xffffffde fr.pc=0x000001943fad16fc relative=0x000000000000125c
Event: 5.166 Thread 0x00000194328af7f0 Uncommon trap: reason=class_check action=maybe_recompile pc=0x000001943fad16fc method=org.jetbrains.kotlin.fir.scopes.impl.AbstractFirUseSiteMemberScope.processFunctionsByName(Lorg/jetbrains/kotlin/name/Name;Lkotlin/jvm/functions/Function1;)V @ 115 c2
Event: 5.166 Thread 0x00000194328af7f0 DEOPT PACKING pc=0x000001943fad16fc sp=0x0000007efa2fd290
Event: 5.166 Thread 0x00000194328af7f0 DEOPT UNPACKING pc=0x000001943f1946a2 sp=0x0000007efa2fd248 mode 2
Event: 5.179 Thread 0x00000194328af7f0 Uncommon trap: trap_request=0xffffff45 fr.pc=0x000001943f95960c relative=0x000000000000012c
Event: 5.179 Thread 0x00000194328af7f0 Uncommon trap: reason=unstable_if action=reinterpret pc=0x000001943f95960c method=org.jetbrains.kotlin.fir.types.ConeTypeContext.typeConstructor(Lorg/jetbrains/kotlin/types/model/SimpleTypeMarker;)Lorg/jetbrains/kotlin/types/model/TypeConstructorMarker; @
Event: 5.179 Thread 0x00000194328af7f0 DEOPT PACKING pc=0x000001943f95960c sp=0x0000007efa2fb690
Event: 5.179 Thread 0x00000194328af7f0 DEOPT UNPACKING pc=0x000001943f1946a2 sp=0x0000007efa2fb5a0 mode 2

Classes loaded (20 events):
Event: 4.792 Loading class java/util/regex/Pattern$StartS
Event: 4.792 Loading class java/util/regex/Pattern$StartS done
Event: 4.801 Loading class java/lang/invoke/BoundMethodHandle$Species_LJ
Event: 4.801 Loading class java/lang/invoke/BoundMethodHandle$Species_LJ done
Event: 4.891 Loading class java/util/Formatter
Event: 4.891 Loading class java/util/Formatter done
Event: 4.891 Loading class java/util/Formatter$FixedString
Event: 4.891 Loading class java/util/Formatter$FormatString
Event: 4.891 Loading class java/util/Formatter$FormatString done
Event: 4.891 Loading class java/util/Formatter$FixedString done
Event: 4.891 Loading class java/util/Formatter$Conversion
Event: 4.891 Loading class java/util/Formatter$Conversion done
Event: 4.891 Loading class java/util/Formatter$FormatSpecifier
Event: 4.892 Loading class java/util/Formatter$FormatSpecifier done
Event: 4.892 Loading class java/util/Formattable
Event: 4.892 Loading class java/util/Formattable done
Event: 4.892 Loading class java/util/Formatter$Flags
Event: 4.892 Loading class java/util/Formatter$Flags done
Event: 4.912 Loading class java/lang/invoke/BoundMethodHandle$Species_LLJ
Event: 4.912 Loading class java/lang/invoke/BoundMethodHandle$Species_LLJ done

Classes unloaded (0 events):
No events

Classes redefined (0 events):
No events

Internal exceptions (20 events):
Event: 2.899 Thread 0x00000194328af7f0 Exception <a 'java/lang/NoSuchMethodError'{0x00000000885fbc48}: 'java.lang.Object java.lang.invoke.Invokers$Holder.linkToTargetMethod(java.lang.Object, java.lang.Object, int, java.lang.Object)'> (0x00000000885fbc48) 
thrown [s\src\hotspot\share\interpreter\linkResolver.cpp, line 784]
Event: 2.900 Thread 0x00000194328af7f0 Exception <a 'java/lang/NoSuchMethodError'{0x000000008840b5d0}: 'java.lang.Object java.lang.invoke.DirectMethodHandle$Holder.newInvokeSpecial(java.lang.Object, int, java.lang.Object)'> (0x000000008840b5d0) 
thrown [s\src\hotspot\share\interpreter\linkResolver.cpp, line 784]
Event: 2.905 Thread 0x00000194328af7f0 Exception <a 'java/lang/NoSuchMethodError'{0x0000000088469728}: 'java.lang.Object java.lang.invoke.DirectMethodHandle$Holder.invokeStatic(java.lang.Object, int, java.lang.Object, java.lang.Object)'> (0x0000000088469728) 
thrown [s\src\hotspot\share\interpreter\linkResolver.cpp, line 784]
Event: 3.290 Thread 0x00000194328af7f0 Exception <a 'java/lang/NoSuchMethodError'{0x000000008b41b780}: 'java.lang.Object java.lang.invoke.DirectMethodHandle$Holder.invokeStatic(java.lang.Object, java.lang.Object, java.lang.Object, int, java.lang.Object, java.lang.Object)'> (0x000000008b41b780) 
thrown [s\src\hotspot\share\interpreter\linkResolver.cpp, line 784]
Event: 3.604 Thread 0x00000194328af7f0 Exception <a 'java/lang/NoSuchMethodError'{0x000000008a0a9858}: 'java.lang.Object java.lang.invoke.DirectMethodHandle$Holder.invokeSpecial(java.lang.Object, java.lang.Object, java.lang.Object, int, java.lang.Object, java.lang.Object, java.lang.Object)'> (0x000000008a0a9858) 
thrown [s\src\hotspot\share\interpreter\linkResolver.cpp, line 784]
Event: 3.604 Thread 0x00000194328af7f0 Exception <a 'java/lang/NoSuchMethodError'{0x000000008a0ad410}: 'java.lang.Object java.lang.invoke.Invokers$Holder.linkToTargetMethod(java.lang.Object, int, java.lang.Object, java.lang.Object, java.lang.Object, java.lang.Object)'> (0x000000008a0ad410) 
thrown [s\src\hotspot\share\interpreter\linkResolver.cpp, line 784]
Event: 4.069 Thread 0x00000194328af7f0 Implicit null exception at 0x000001943f727820 to 0x000001943f727dc8
Event: 4.070 Thread 0x00000194328af7f0 Implicit null exception at 0x000001943f70e920 to 0x000001943f70eec4
Event: 4.206 Thread 0x00000194328af7f0 Exception <a 'java/lang/NoSuchMethodError'{0x000000008aee6080}: 'java.lang.Object java.lang.invoke.DirectMethodHandle$Holder.newInvokeSpecial(java.lang.Object, java.lang.Object, java.lang.Object, java.lang.Object, java.lang.Object, java.lang.Object, java.lang.Object, java.lang.Object, int)'> (0x000000008aee6080) 
thrown [s\src\hotspot\share\interpreter\linkResolver.cpp, line 784]
Event: 4.206 Thread 0x00000194328af7f0 Exception <a 'java/lang/NoSuchMethodError'{0x000000008aeeadc0}: 'java.lang.Object java.lang.invoke.DirectMethodHandle$Holder.invokeSpecial(java.lang.Object, java.lang.Object, java.lang.Object, java.lang.Object, java.lang.Object, java.lang.Object, java.lang.Object, java.lang.Object, java.lang.Object, int)'> (0x000000008aeeadc0) 
thrown [s\src\hotspot\share\interpreter\linkResolver.cpp, line 784]
Event: 4.231 Thread 0x00000194328af7f0 Exception <a 'java/lang/NoSuchMethodError'{0x000000008ac47530}: 'java.lang.Object java.lang.invoke.DirectMethodHandle$Holder.invokeStatic(java.lang.Object, java.lang.Object, int, int)'> (0x000000008ac47530) 
thrown [s\src\hotspot\share\interpreter\linkResolver.cpp, line 784]
Event: 4.231 Thread 0x00000194328af7f0 Exception <a 'java/lang/NoSuchMethodError'{0x000000008ac4df38}: 'java.lang.Object java.lang.invoke.DirectMethodHandle$Holder.newInvokeSpecial(java.lang.Object, java.lang.Object, int, int)'> (0x000000008ac4df38) 
thrown [s\src\hotspot\share\interpreter\linkResolver.cpp, line 784]
Event: 4.231 Thread 0x00000194328af7f0 Exception <a 'java/lang/NoSuchMethodError'{0x000000008ac522c8}: 'java.lang.Object java.lang.invoke.DirectMethodHandle$Holder.invokeSpecial(java.lang.Object, java.lang.Object, java.lang.Object, int, int)'> (0x000000008ac522c8) 
thrown [s\src\hotspot\share\interpreter\linkResolver.cpp, line 784]
Event: 4.231 Thread 0x00000194328af7f0 Exception <a 'java/lang/NoSuchMethodError'{0x000000008ac560b8}: 'java.lang.Object java.lang.invoke.Invokers$Holder.linkToTargetMethod(java.lang.Object, int, int, java.lang.Object)'> (0x000000008ac560b8) 
thrown [s\src\hotspot\share\interpreter\linkResolver.cpp, line 784]
Event: 4.802 Thread 0x00000194328af7f0 Exception <a 'java/lang/NoSuchMethodError'{0x000000008a46a1a0}: 'java.lang.Object java.lang.invoke.DirectMethodHandle$Holder.invokeStatic(java.lang.Object, java.lang.Object, int, java.lang.Object, java.lang.Object)'> (0x000000008a46a1a0) 
thrown [s\src\hotspot\share\interpreter\linkResolver.cpp, line 784]
Event: 4.802 Thread 0x00000194328af7f0 Exception <a 'java/lang/NoSuchMethodError'{0x000000008a4718d8}: 'java.lang.Object java.lang.invoke.DirectMethodHandle$Holder.newInvokeSpecial(java.lang.Object, java.lang.Object, int, java.lang.Object, java.lang.Object)'> (0x000000008a4718d8) 
thrown [s\src\hotspot\share\interpreter\linkResolver.cpp, line 784]
Event: 4.802 Thread 0x00000194328af7f0 Exception <a 'java/lang/NoSuchMethodError'{0x000000008a475de8}: 'java.lang.Object java.lang.invoke.DirectMethodHandle$Holder.invokeSpecial(java.lang.Object, java.lang.Object, java.lang.Object, int, java.lang.Object, java.lang.Object)'> (0x000000008a475de8) 
thrown [s\src\hotspot\share\interpreter\linkResolver.cpp, line 784]
Event: 4.803 Thread 0x00000194328af7f0 Exception <a 'java/lang/NoSuchMethodError'{0x000000008a4798d0}: 'java.lang.Object java.lang.invoke.Invokers$Holder.linkToTargetMethod(java.lang.Object, int, java.lang.Object, java.lang.Object, java.lang.Object)'> (0x000000008a4798d0) 
thrown [s\src\hotspot\share\interpreter\linkResolver.cpp, line 784]
Event: 5.129 Thread 0x00000194328af7f0 Exception <a 'java/lang/NoSuchMethodError'{0x000000008a9d0368}: 'java.lang.Object java.lang.invoke.DirectMethodHandle$Holder.newInvokeSpecial(java.lang.Object, java.lang.Object, java.lang.Object, java.lang.Object, java.lang.Object, java.lang.Object, int)'> (0x000000008a9d0368) 
thrown [s\src\hotspot\share\interpreter\linkResolver.cpp, line 784]
Event: 5.129 Thread 0x00000194328af7f0 Exception <a 'java/lang/NoSuchMethodError'{0x000000008a9d4ca0}: 'java.lang.Object java.lang.invoke.DirectMethodHandle$Holder.invokeSpecial(java.lang.Object, java.lang.Object, java.lang.Object, java.lang.Object, java.lang.Object, java.lang.Object, java.lang.Object, int)'> (0x000000008a9d4ca0) 
thrown [s\src\hotspot\share\interpreter\linkResolver.cpp, line 784]

ZGC Phase Switch (0 events):
No events

VM Operations (20 events):
Event: 4.750 Executing VM operation: HandshakeAllThreads (Deoptimize) done
Event: 4.813 Executing VM operation: HandshakeAllThreads (Deoptimize)
Event: 4.813 Executing VM operation: HandshakeAllThreads (Deoptimize) done
Event: 4.831 Executing VM operation: G1CollectForAllocation (G1 Evacuation Pause)
Event: 4.842 Executing VM operation: G1CollectForAllocation (G1 Evacuation Pause) done
Event: 4.870 Executing VM operation: HandshakeAllThreads (Deoptimize)
Event: 4.870 Executing VM operation: HandshakeAllThreads (Deoptimize) done
Event: 4.903 Executing VM operation: HandshakeAllThreads (Deoptimize)
Event: 4.904 Executing VM operation: HandshakeAllThreads (Deoptimize) done
Event: 5.019 Executing VM operation: ICBufferFull
Event: 5.019 Executing VM operation: ICBufferFull done
Event: 5.111 Executing VM operation: ICBufferFull
Event: 5.111 Executing VM operation: ICBufferFull done
Event: 5.131 Executing VM operation: HandshakeAllThreads (Deoptimize)
Event: 5.131 Executing VM operation: HandshakeAllThreads (Deoptimize) done
Event: 5.133 Executing VM operation: HandshakeAllThreads (Deoptimize)
Event: 5.133 Executing VM operation: HandshakeAllThreads (Deoptimize) done
Event: 5.180 Executing VM operation: ICBufferFull
Event: 5.180 Executing VM operation: ICBufferFull done
Event: 5.209 Executing VM operation: G1CollectForAllocation (G1 Evacuation Pause)

Events (20 events):
Event: 4.051 Thread 0x000001944c5c8840 flushing nmethod 0x0000019437cf0190
Event: 4.051 Thread 0x000001944c5c8840 flushing nmethod 0x0000019437ce4610
Event: 4.051 Thread 0x000001944c5c8840 flushing nmethod 0x0000019437cd2390
Event: 4.051 Thread 0x000001944c5c8840 flushing nmethod 0x0000019437cc8310
Event: 4.051 Thread 0x000001944c5c8840 flushing nmethod 0x0000019437cc1590
Event: 4.051 Thread 0x000001944c5c8840 flushing nmethod 0x0000019437cb6310
Event: 4.051 Thread 0x000001944c5c8840 flushing nmethod 0x0000019437cb8b90
Event: 4.051 Thread 0x000001944c5c8840 flushing nmethod 0x0000019437ca9110
Event: 4.051 Thread 0x000001944c5c8840 flushing nmethod 0x0000019437c68690
Event: 4.051 Thread 0x000001944c5c8840 flushing nmethod 0x0000019437c63910
Event: 4.051 Thread 0x000001944c5c8840 flushing nmethod 0x0000019437c4d810
Event: 4.051 Thread 0x000001944c5c8840 flushing nmethod 0x0000019437c3ea10
Event: 4.051 Thread 0x000001944c5c8840 flushing nmethod 0x0000019437c20310
Event: 4.051 Thread 0x000001944c5c8840 flushing nmethod 0x0000019437c1d890
Event: 4.051 Thread 0x000001944c5c8840 flushing nmethod 0x000001943f8a7890
Event: 4.051 Thread 0x000001944c5c8840 flushing nmethod 0x000001943f8a5210
Event: 4.051 Thread 0x000001944c5c8840 flushing nmethod 0x000001943f85e710
Event: 4.051 Thread 0x000001944c5c8840 flushing nmethod 0x000001943f875010
Event: 4.051 Thread 0x000001944c5c8840 flushing nmethod 0x000001943f83ab10
Event: 4.051 Thread 0x000001944c5c8840 flushing nmethod 0x000001943f7d9d90


Dynamic libraries:
0x00007ff681cd0000 - 0x00007ff681cda000 	D:\android\Android\app\jbr\bin\java.exe
0x00007ffe6dd30000 - 0x00007ffe6df47000 	C:\Windows\SYSTEM32\ntdll.dll
0x00007ffe6d800000 - 0x00007ffe6d8c4000 	C:\Windows\System32\KERNEL32.DLL
0x00007ffe6b500000 - 0x00007ffe6b8b9000 	C:\Windows\System32\KERNELBASE.dll
0x00007ffe6b3e0000 - 0x00007ffe6b4f1000 	C:\Windows\System32\ucrtbase.dll
0x00007ffe32a30000 - 0x00007ffe32a48000 	D:\android\Android\app\jbr\bin\jli.dll
0x00007ffe49690000 - 0x00007ffe496ab000 	D:\android\Android\app\jbr\bin\VCRUNTIME140.dll
0x00007ffe6c290000 - 0x00007ffe6c43e000 	C:\Windows\System32\USER32.dll
0x00007ffe6b0b0000 - 0x00007ffe6b0d6000 	C:\Windows\System32\win32u.dll
0x00007ffe4c430000 - 0x00007ffe4c6c2000 	C:\Windows\WinSxS\amd64_microsoft.windows.common-controls_6595b64144ccf1df_6.0.22621.4391_none_2715d37f73803e96\COMCTL32.dll
0x00007ffe6bb70000 - 0x00007ffe6bb99000 	C:\Windows\System32\GDI32.dll
0x00007ffe6c1e0000 - 0x00007ffe6c287000 	C:\Windows\System32\msvcrt.dll
0x00007ffe6b250000 - 0x00007ffe6b36b000 	C:\Windows\System32\gdi32full.dll
0x00007ffe6b980000 - 0x00007ffe6ba1a000 	C:\Windows\System32\msvcp_win.dll
0x00007ffe6bba0000 - 0x00007ffe6bbd1000 	C:\Windows\System32\IMM32.DLL
0x00007ffe61250000 - 0x00007ffe6125c000 	D:\android\Android\app\jbr\bin\vcruntime140_1.dll
0x00007ffe309d0000 - 0x00007ffe30a5d000 	D:\android\Android\app\jbr\bin\msvcp140.dll
0x00007ffdad110000 - 0x00007ffdadd8d000 	D:\android\Android\app\jbr\bin\server\jvm.dll
0x00007ffe6ce50000 - 0x00007ffe6cf02000 	C:\Windows\System32\ADVAPI32.dll
0x00007ffe6ccf0000 - 0x00007ffe6cd97000 	C:\Windows\System32\sechost.dll
0x00007ffe6ba20000 - 0x00007ffe6ba48000 	C:\Windows\System32\bcrypt.dll
0x00007ffe6ca60000 - 0x00007ffe6cb74000 	C:\Windows\System32\RPCRT4.dll
0x00007ffe6bbe0000 - 0x00007ffe6bc51000 	C:\Windows\System32\WS2_32.dll
0x00007ffe5f0e0000 - 0x00007ffe5f0ea000 	C:\Windows\SYSTEM32\VERSION.dll
0x00007ffe6a8d0000 - 0x00007ffe6a91d000 	C:\Windows\SYSTEM32\POWRPROF.dll
0x00007ffe61400000 - 0x00007ffe61434000 	C:\Windows\SYSTEM32\WINMM.dll
0x00007ffe6a8b0000 - 0x00007ffe6a8c3000 	C:\Windows\SYSTEM32\UMPDC.dll
0x00007ffe6a030000 - 0x00007ffe6a048000 	C:\Windows\SYSTEM32\kernel.appcore.dll
0x00007ffe603f0000 - 0x00007ffe603fa000 	D:\android\Android\app\jbr\bin\jimage.dll
0x00007ffe68850000 - 0x00007ffe68a82000 	C:\Windows\SYSTEM32\DBGHELP.DLL
0x00007ffe6d8d0000 - 0x00007ffe6dc5f000 	C:\Windows\System32\combase.dll
0x00007ffe6c5f0000 - 0x00007ffe6c6c7000 	C:\Windows\System32\OLEAUT32.dll
0x00007ffe4df00000 - 0x00007ffe4df32000 	C:\Windows\SYSTEM32\dbgcore.DLL
0x00007ffe6b030000 - 0x00007ffe6b0ab000 	C:\Windows\System32\bcryptPrimitives.dll
0x00007ffe494d0000 - 0x00007ffe494ef000 	D:\android\Android\app\jbr\bin\java.dll
0x00007ffe49100000 - 0x00007ffe49118000 	D:\android\Android\app\jbr\bin\zip.dll
0x00007ffe6cf80000 - 0x00007ffe6d7f6000 	C:\Windows\System32\SHELL32.dll
0x00007ffe68f20000 - 0x00007ffe69823000 	C:\Windows\SYSTEM32\windows.storage.dll
0x00007ffe68de0000 - 0x00007ffe68f1f000 	C:\Windows\SYSTEM32\wintypes.dll
0x00007ffe6c6d0000 - 0x00007ffe6c7c9000 	C:\Windows\System32\SHCORE.dll
0x00007ffe6cdf0000 - 0x00007ffe6ce4e000 	C:\Windows\System32\shlwapi.dll
0x00007ffe6af60000 - 0x00007ffe6af8b000 	C:\Windows\SYSTEM32\profapi.dll
0x00007ffe4d690000 - 0x00007ffe4d6a0000 	D:\android\Android\app\jbr\bin\net.dll
0x00007ffe63950000 - 0x00007ffe63a86000 	C:\Windows\SYSTEM32\WINHTTP.dll
0x00007ffe6a4a0000 - 0x00007ffe6a509000 	C:\Windows\system32\mswsock.dll
0x00007ffe490e0000 - 0x00007ffe490f6000 	D:\android\Android\app\jbr\bin\nio.dll
0x00007ffe4d3e0000 - 0x00007ffe4d3f0000 	D:\android\Android\app\jbr\bin\verify.dll

dbghelp: loaded successfully - version: 4.0.5 - missing functions: none
symbol engine: initialized successfully - sym options: 0x614 - pdb path: .;D:\android\Android\app\jbr\bin;C:\Windows\SYSTEM32;C:\Windows\WinSxS\amd64_microsoft.windows.common-controls_6595b64144ccf1df_6.0.22621.4391_none_2715d37f73803e96;D:\android\Android\app\jbr\bin\server

VM Arguments:
java_command: org.jetbrains.kotlin.cli.jvm.K2JVMCompiler @D:\android\taskify\app\build\20251204_1716336142174666531.compiler.options
java_class_path (initial): C:\Users\user\.gradle\caches\modules-2\files-2.1\org.jetbrains.kotlin\kotlin-compiler-embeddable\2.0.0\1de310de3446414381282ffc46c3ed3919a4d1da\kotlin-compiler-embeddable-2.0.0.jar;C:\Users\user\.gradle\caches\modules-2\files-2.1\org.jetbrains.kotlin\kotlin-stdlib\2.0.0\b48df2c4aede9586cc931ead433bc02d6fd7879e\kotlin-stdlib-2.0.0.jar;C:\Users\user\.gradle\caches\modules-2\files-2.1\org.jetbrains.kotlin\kotlin-script-runtime\2.0.0\fdc27dd047d592fa41d2dfa21e7621287a361612\kotlin-script-runtime-2.0.0.jar;C:\Users\user\.gradle\caches\modules-2\files-2.1\org.jetbrains.kotlin\kotlin-reflect\1.6.10\1cbe9c92c12a94eea200d23c2bbaedaf3daf5132\kotlin-reflect-1.6.10.jar;C:\Users\user\.gradle\caches\modules-2\files-2.1\org.jetbrains.kotlin\kotlin-daemon-embeddable\2.0.0\b39c612768614c4428c96ee9c65477181fffe9d\kotlin-daemon-embeddable-2.0.0.jar;C:\Users\user\.gradle\caches\modules-2\files-2.1\org.jetbrains.intellij.deps\trove4j\1.0.20200330\3afb14d5f9ceb459d724e907a21145e8ff394f02\trove4j-1.0.20200330.jar;C:\Users\user\.gradle\caches\modules-2\files-2.1\org.jetbrains\annotations\13.0\919f0dfe192fb4e063e7dacadee7f8bb9a2672a9\annotations-13.0.jar
Launcher Type: SUN_STANDARD

[Global flags]
     intx CICompilerCount                          = 4                                         {product} {ergonomic}
     uint ConcGCThreads                            = 3                                         {product} {ergonomic}
     uint G1ConcRefinementThreads                  = 10                                        {product} {ergonomic}
   size_t G1HeapRegionSize                         = 1048576                                   {product} {ergonomic}
    uintx GCDrainStackTargetSize                   = 64                                        {product} {ergonomic}
   size_t InitialHeapSize                          = 130023424                                 {product} {ergonomic}
   size_t MarkStackSize                            = 4194304                                   {product} {ergonomic}
   size_t MaxHeapSize                              = 2063597568                                {product} {ergonomic}
   size_t MaxNewSize                               = 1237319680                                {product} {ergonomic}
   size_t MinHeapDeltaBytes                        = 1048576                                   {product} {ergonomic}
   size_t MinHeapSize                              = 8388608                                   {product} {ergonomic}
    uintx NonNMethodCodeHeapSize                   = 5839372                                {pd product} {ergonomic}
    uintx NonProfiledCodeHeapSize                  = 122909434                              {pd product} {ergonomic}
    uintx ProfiledCodeHeapSize                     = 122909434                              {pd product} {ergonomic}
    uintx ReservedCodeCacheSize                    = 251658240                              {pd product} {ergonomic}
     bool SegmentedCodeCache                       = true                                      {product} {ergonomic}
   size_t SoftMaxHeapSize                          = 2063597568                             {manageable} {ergonomic}
     bool UseCompressedOops                        = true                           {product lp64_product} {ergonomic}
     bool UseG1GC                                  = true                                      {product} {ergonomic}
     bool UseLargePagesIndividualAllocation        = false                                  {pd product} {ergonomic}

Logging:
Log output configuration:
 #0: stdout all=warning uptime,level,tags foldmultilines=false
 #1: stderr all=off uptime,level,tags foldmultilines=false

Environment Variables:
PATH=C:\Program Files\Microsoft\jdk-11.0.16.101-hotspot\bin;C:\Program Files (x86)\VMware\VMware Player\bin\;C:\Windows\system32;C:\Windows;C:\Windows\System32\Wbem;C:\Windows\System32\WindowsPowerShell\v1.0\;C:\Windows\System32\OpenSSH\;C:\Program Files (x86)\NVIDIA Corporation\PhysX\Common;C:\Program Files\NVIDIA Corporation\NVIDIA NvDLISR;C:\Program Files\Microsoft SQL Server\150\Tools\Binn\;C:\Program Files\Git\cmd;C:\Program Files\dotnet\;C:\Program Files\Microsoft SQL Server\Client SDK\ODBC\170\Tools\Binn\;C:\Program Files (x86)\Microsoft SQL Server\160\Tools\Binn\;C:\Program Files\Microsoft SQL Server\160\Tools\Binn\;C:\Program Files\Microsoft SQL Server\160\DTS\Binn\;C:\Program Files (x86)\Microsoft SQL Server\160\DTS\Binn\;C:\Users\user\AppData\Local\Microsoft\WindowsApps;;C:\Users\user\AppData\Local\Programs\Microsoft VS Code\bin;C:\Users\user\.dotnet\tools
USERNAME=user
OS=Windows_NT
PROCESSOR_IDENTIFIER=Intel64 Family 6 Model 154 Stepping 4, GenuineIntel
TMP=C:\Users\user\AppData\Local\Temp
TEMP=C:\Users\user\AppData\Local\Temp




Periodic native trim disabled

JNI global refs:
JNI global refs: 11, weak refs: 0

JNI global refs memory usage: 835, weak refs: 833

Process memory usage:
Resident Set Size: 313284K (3% of 8054264K total physical memory with 561244K free physical memory)

OOME stack traces (most recent first):
Classloader memory used:
Loader jdk.internal.loader.ClassLoaders$AppClassLoader                                 : 53038K
Loader bootstrap                                                                       : 11080K
Loader java.net.URLClassLoader                                                         : 1502K

---------------  S Y S T E M  ---------------

OS:
 Windows 11 , 64 bit Build 22621 (10.0.22621.4391)
OS uptime: 0 days 21:32 hours
Hyper-V role detected

CPU: total 12 (initial active 12) (6 cores per cpu, 2 threads per core) family 6 model 154 stepping 4 microcode 0x432, cx8, cmov, fxsr, ht, mmx, 3dnowpref, sse, sse2, sse3, ssse3, sse4.1, sse4.2, popcnt, lzcnt, tsc, tscinvbit, avx, avx2, aes, erms, clmul, bmi1, bmi2, adx, sha, fma, vzeroupper, clflush, clflushopt, clwb, hv, serialize, rdtscp, rdpid, fsrm, f16c, cet_ibt, cet_ss
Processor Information for processor 0
  Max Mhz: 1700, Current Mhz: 1700, Mhz Limit: 1700
Processor Information for processor 1
  Max Mhz: 1700, Current Mhz: 1700, Mhz Limit: 1700
Processor Information for processor 2
  Max Mhz: 1700, Current Mhz: 1700, Mhz Limit: 1700
Processor Information for processor 3
  Max Mhz: 1700, Current Mhz: 1700, Mhz Limit: 1700
Processor Information for processor 4
  Max Mhz: 1700, Current Mhz: 1200, Mhz Limit: 1190
Processor Information for processor 5
  Max Mhz: 1700, Current Mhz: 1200, Mhz Limit: 1190
Processor Information for processor 6
  Max Mhz: 1700, Current Mhz: 1200, Mhz Limit: 1190
Processor Information for processor 7
  Max Mhz: 1700, Current Mhz: 1200, Mhz Limit: 1190
Processor Information for processor 8
  Max Mhz: 1700, Current Mhz: 1200, Mhz Limit: 1190
Processor Information for processor 9
  Max Mhz: 1700, Current Mhz: 1200, Mhz Limit: 1190
Processor Information for processor 10
  Max Mhz: 1700, Current Mhz: 1200, Mhz Limit: 1190
Processor Information for processor 11
  Max Mhz: 1700, Current Mhz: 1200, Mhz Limit: 1190

Memory: 4k page, system-wide physical 7865M (548M free)
TotalPageFile size 14889M (AvailPageFile size 68M)
current process WorkingSet (physical memory assigned to process): 306M, peak: 336M
current process commit charge ("private bytes"): 351M, peak: 435M

vm_info: OpenJDK 64-Bit Server VM (21.0.3+-12282718-b509.11) for windows-amd64 JRE (21.0.3+-12282718-b509.11), built on 2024-08-27T17:34:15Z by "builder" with MS VC++ 16.10 / 16.11 (VS2019)

END.
